2021-11-23 00:17:37 INFO  PluginTasksProjectComponent.projectOpened(80) - ---------- Version 3.53 ----------

2021-11-23 00:17:37 INFO  ApacheHttpClient.createAsyncHttpClient(146) - 1 proxies selected. Type: DIRECT
2021-11-23 00:17:37 INFO  ApacheHttpClient.<init>(97) - ApacheHttpClient was successfully instantiated.
2021-11-23 00:17:38 INFO  ApacheHttpClient.testConnection(205) - responseCode = 200
2021-11-23 00:17:38 INFO  ApacheHttpClient.testConnection(220) - result = true
2021-11-23 00:17:38 INFO  ApacheHttpClient.isSessionAppropriateWithSecretKey(602) - Waiting for server response.
2021-11-23 00:17:38 INFO  ApacheHttpClient.refreshUserInfo(305) - responseCode = 200
2021-11-23 00:17:38 INFO  ApacheHttpClient.refreshUserInfo(311) - User information received.
2021-11-23 00:17:38 INFO  ApacheHttpClient.startGA(36) - GAService started.
2021-11-23 00:35:14 INFO  ApacheHttpClient.getWebResourceAsStream(502) - responseCode = 200
2021-11-23 00:35:14 INFO  ApacheHttpClient.getFilteredTasks(336) - responseCode = 200
2021-11-23 00:35:26 INFO  ApacheHttpClient.getTaskTemplateInfo(353) - responseCode = 200
2021-11-23 00:35:30 INFO  ApacheHttpClient.getWebResourceAsStream(502) - responseCode = 200
2021-11-23 01:52:36 INFO  ApacheHttpClient.getWebResourceAsStream(502) - responseCode = 200
2021-11-23 01:52:37 INFO  ApacheHttpClient.getTask(488) - responseCode = 200
2021-11-23 01:52:37 INFO  ApacheHttpClient.getWebResourceAsStream(502) - responseCode = 200
2021-11-23 01:52:38 INFO  ApacheHttpClient.completed(32) - responseCode = 200
2021-11-23 01:53:37 INFO  ApacheHttpClient.getWebResourceAsStream(502) - responseCode = 200
2021-11-23 01:53:37 INFO  ApacheHttpClient.getTask(488) - responseCode = 200
2021-11-23 01:53:38 INFO  ApacheHttpClient.getWebResourceAsStream(502) - responseCode = 200
2021-11-23 01:53:38 INFO  ApacheHttpClient.completed(32) - responseCode = 200
2021-11-23 01:53:39 INFO  ApacheHttpClient.getTask(488) - responseCode = 200
2021-11-23 01:56:45 INFO  ApacheHttpClient.getWebResourceAsStream(502) - responseCode = 200
2021-11-23 01:56:45 INFO  ApacheHttpClient.getFilteredTasks(336) - responseCode = 200
2021-11-23 01:57:12 INFO  ApacheHttpClient.getTaskTemplateInfo(353) - responseCode = 200
2021-11-23 01:57:13 INFO  ApacheHttpClient.getWebResourceAsStream(502) - responseCode = 200
2021-11-23 02:01:38 INFO  PluginTasksProjectComponent.projectClosing(196) - ---------- Project closed ----------

2021-11-23 02:01:38 INFO  ApacheHttpClient.getTask(488) - responseCode = 200
2021-11-23 02:01:38 INFO  ApacheHttpClient.getTask(488) - responseCode = 200
2021-11-23 13:23:02 INFO  PluginTasksProjectComponent.projectOpened(79) - ---------- Project opened ----------
2021-11-23 13:23:02 INFO  PluginTasksProjectComponent.projectOpened(80) - ---------- Version 3.53 ----------

2021-11-23 13:23:02 INFO  ApacheHttpClient.createAsyncHttpClient(146) - 1 proxies selected. Type: DIRECT
2021-11-23 13:23:02 INFO  ApacheHttpClient.<init>(97) - ApacheHttpClient was successfully instantiated.
2021-11-23 13:23:02 INFO  ApacheHttpClient.testConnection(205) - responseCode = 200
2021-11-23 13:23:02 INFO  ApacheHttpClient.testConnection(220) - result = true
2021-11-23 13:23:02 INFO  ApacheHttpClient.isSessionAppropriateWithSecretKey(602) - Waiting for server response.
2021-11-23 13:23:03 INFO  ApacheHttpClient.refreshUserInfo(305) - responseCode = 200
2021-11-23 13:23:03 INFO  ApacheHttpClient.refreshUserInfo(311) - User information received.
2021-11-23 13:23:03 INFO  ApacheHttpClient.startGA(36) - GAService started.
2021-11-23 13:23:08 INFO  ApacheHttpClient.getWebResourceAsStream(502) - responseCode = 200
2021-11-23 13:58:43 INFO  ApacheHttpClient.getWebResourceAsStream(502) - responseCode = 200
2021-11-23 13:58:43 INFO  ApacheHttpClient.getWebResourceAsStream(502) - responseCode = 200
2021-11-23 13:58:43 INFO  ApacheHttpClient.getTask(488) - responseCode = 200
2021-11-23 13:58:44 INFO  ApacheHttpClient.completed(32) - responseCode = 200
2021-11-23 13:58:45 INFO  ApacheHttpClient.getTask(488) - responseCode = 200
2021-11-23 13:59:50 INFO  ApacheHttpClient.getWebResourceAsStream(502) - responseCode = 200
2021-11-23 13:59:50 INFO  ApacheHttpClient.getFilteredTasks(336) - responseCode = 200
2021-11-23 14:00:23 INFO  ApacheHttpClient.getTaskTemplateInfo(353) - responseCode = 200
2021-11-23 14:00:24 INFO  ApacheHttpClient.getWebResourceAsStream(502) - responseCode = 200
2021-11-23 14:32:41 INFO  ApacheHttpClient.getWebResourceAsStream(502) - responseCode = 200
2021-11-23 14:32:41 INFO  ApacheHttpClient.getWebResourceAsStream(502) - responseCode = 200
2021-11-23 14:32:41 INFO  ApacheHttpClient.getTask(488) - responseCode = 200
2021-11-23 14:32:42 INFO  ApacheHttpClient.completed(32) - responseCode = 200
2021-11-23 15:38:45 INFO  ApacheHttpClient.getWebResourceAsStream(502) - responseCode = 200
2021-11-23 15:38:46 INFO  ApacheHttpClient.getWebResourceAsStream(502) - responseCode = 200
2021-11-23 15:38:46 INFO  ApacheHttpClient.getTask(488) - responseCode = 200
2021-11-23 15:38:48 INFO  ApacheHttpClient.completed(32) - responseCode = 200
2021-11-23 15:38:49 INFO  ApacheHttpClient.getTask(488) - responseCode = 200
2021-11-23 15:42:33 INFO  PluginTasksProjectComponent.projectClosing(196) - ---------- Project closed ----------

2021-11-23 15:42:34 INFO  ApacheHttpClient.getTask(488) - responseCode = 200
2021-11-23 15:42:34 INFO  ApacheHttpClient.getTask(488) - responseCode = 200
2021-11-23 15:42:34 INFO  ApacheHttpClient.getTask(488) - responseCode = 200
2021-11-23 15:42:34 INFO  ApacheHttpClient.getTask(488) - responseCode = 200
2021-11-24 10:25:30 INFO  PluginTasksProjectComponent.projectOpened(79) - ---------- Project opened ----------
2021-11-24 10:25:30 INFO  PluginTasksProjectComponent.projectOpened(80) - ---------- Version 3.53 ----------

2021-11-24 10:25:30 INFO  ApacheHttpClient.createAsyncHttpClient(146) - 1 proxies selected. Type: DIRECT
2021-11-24 10:25:30 INFO  ApacheHttpClient.<init>(97) - ApacheHttpClient was successfully instantiated.
2021-11-24 10:25:30 INFO  ApacheHttpClient.testConnection(205) - responseCode = 200
2021-11-24 10:25:30 INFO  ApacheHttpClient.testConnection(220) - result = true
2021-11-24 10:25:31 INFO  ApacheHttpClient.isSessionAppropriateWithSecretKey(602) - Waiting for server response.
2021-11-24 10:25:31 INFO  ApacheHttpClient.refreshUserInfo(305) - responseCode = 200
2021-11-24 10:25:31 INFO  ApacheHttpClient.refreshUserInfo(311) - User information received.
2021-11-24 10:25:31 INFO  ApacheHttpClient.startGA(36) - GAService started.
2021-11-24 13:33:44 INFO  ApacheHttpClient.getWebResourceAsStream(502) - responseCode = 200
2021-11-24 13:33:44 INFO  ApacheHttpClient.getFilteredTasks(336) - responseCode = 200
2021-11-24 13:33:48 INFO  ApacheHttpClient.getFilteredTasks(336) - responseCode = 200
2021-11-24 13:33:53 INFO  ApacheHttpClient.getFilteredTasks(336) - responseCode = 200
2021-11-24 13:33:59 INFO  ApacheHttpClient.getTaskTemplateInfo(353) - responseCode = 200
2021-11-24 13:34:01 INFO  ApacheHttpClient.getWebResourceAsStream(502) - responseCode = 200
2021-11-24 14:44:13 INFO  ApacheHttpClient.getWebResourceAsStream(502) - responseCode = 200
2021-11-24 14:44:13 INFO  ApacheHttpClient.getWebResourceAsStream(502) - responseCode = 200
2021-11-24 14:44:18 INFO  ApacheHttpClient.getTask(488) - responseCode = 200
2021-11-24 14:44:24 INFO  ApacheHttpClient.completed(32) - responseCode = 500
2021-11-24 14:44:24 WARN  TaskCompleted.run(99) - Unknown error during task verification.
{"code":"UNKNOWN_ERROR","message":"Internal server error: null","recommendation":"Copy this screen and send it to support@javarush.ru","developerMessage":"","moreInfoUrl":null,"premiumRequired":null}
com.homework.plugin.analytics.PluginWarningException: warning
	at com.homework.plugin.callback.TaskCompleted.run(TaskCompleted.java:99)
	at com.intellij.openapi.application.TransactionGuardImpl$2.run(TransactionGuardImpl.java:201)
	at com.intellij.openapi.application.impl.ApplicationImpl.runIntendedWriteActionOnCurrentThread(ApplicationImpl.java:831)
	at com.intellij.openapi.application.impl.ApplicationImpl.lambda$invokeLater$4(ApplicationImpl.java:310)
	at com.intellij.openapi.application.impl.FlushQueue.doRun(FlushQueue.java:80)
	at com.intellij.openapi.application.impl.FlushQueue.runNextEvent(FlushQueue.java:128)
	at com.intellij.openapi.application.impl.FlushQueue.flushNow(FlushQueue.java:46)
	at com.intellij.openapi.application.impl.FlushQueue$FlushNow.run(FlushQueue.java:184)
	at java.desktop/java.awt.event.InvocationEvent.dispatch(InvocationEvent.java:313)
	at java.desktop/java.awt.EventQueue.dispatchEventImpl(EventQueue.java:776)
	at java.desktop/java.awt.EventQueue$4.run(EventQueue.java:727)
	at java.desktop/java.awt.EventQueue$4.run(EventQueue.java:721)
	at java.base/java.security.AccessController.doPrivileged(Native Method)
	at java.base/java.security.ProtectionDomain$JavaSecurityAccessImpl.doIntersectionPrivilege(ProtectionDomain.java:85)
	at java.desktop/java.awt.EventQueue.dispatchEvent(EventQueue.java:746)
	at com.intellij.ide.IdeEventQueue.defaultDispatchEvent(IdeEventQueue.java:974)
	at com.intellij.ide.IdeEventQueue._dispatchEvent(IdeEventQueue.java:847)
	at com.intellij.ide.IdeEventQueue.lambda$null$8(IdeEventQueue.java:449)
	at com.intellij.openapi.progress.impl.CoreProgressManager.computePrioritized(CoreProgressManager.java:739)
	at com.intellij.ide.IdeEventQueue.lambda$dispatchEvent$9(IdeEventQueue.java:448)
	at com.intellij.openapi.application.impl.ApplicationImpl.runIntendedWriteActionOnCurrentThread(ApplicationImpl.java:831)
	at com.intellij.ide.IdeEventQueue.dispatchEvent(IdeEventQueue.java:496)
	at java.desktop/java.awt.EventDispatchThread.pumpOneEventForFilters(EventDispatchThread.java:203)
	at java.desktop/java.awt.EventDispatchThread.pumpEventsForFilter(EventDispatchThread.java:124)
	at java.desktop/java.awt.EventDispatchThread.pumpEventsForHierarchy(EventDispatchThread.java:113)
	at java.desktop/java.awt.EventDispatchThread.pumpEvents(EventDispatchThread.java:109)
	at java.desktop/java.awt.EventDispatchThread.pumpEvents(EventDispatchThread.java:101)
	at java.desktop/java.awt.EventDispatchThread.run(EventDispatchThread.java:90)
2021-11-24 14:46:20 INFO  ApacheHttpClient.getWebResourceAsStream(502) - responseCode = 200
2021-11-24 14:46:20 INFO  ApacheHttpClient.getWebResourceAsStream(502) - responseCode = 200
2021-11-24 14:46:20 INFO  ApacheHttpClient.getTask(488) - responseCode = 200
2021-11-24 14:46:24 INFO  ApacheHttpClient.completed(32) - responseCode = 500
2021-11-24 14:46:24 WARN  TaskCompleted.run(99) - Unknown error during task verification.
{"code":"UNKNOWN_ERROR","message":"Internal server error: null","recommendation":"Copy this screen and send it to support@javarush.ru","developerMessage":"","moreInfoUrl":null,"premiumRequired":null}
com.homework.plugin.analytics.PluginWarningException: warning
	at com.homework.plugin.callback.TaskCompleted.run(TaskCompleted.java:99)
	at com.intellij.openapi.application.TransactionGuardImpl$2.run(TransactionGuardImpl.java:201)
	at com.intellij.openapi.application.impl.ApplicationImpl.runIntendedWriteActionOnCurrentThread(ApplicationImpl.java:831)
	at com.intellij.openapi.application.impl.ApplicationImpl.lambda$invokeLater$4(ApplicationImpl.java:310)
	at com.intellij.openapi.application.impl.FlushQueue.doRun(FlushQueue.java:80)
	at com.intellij.openapi.application.impl.FlushQueue.runNextEvent(FlushQueue.java:128)
	at com.intellij.openapi.application.impl.FlushQueue.flushNow(FlushQueue.java:46)
	at com.intellij.openapi.application.impl.FlushQueue$FlushNow.run(FlushQueue.java:184)
	at java.desktop/java.awt.event.InvocationEvent.dispatch(InvocationEvent.java:313)
	at java.desktop/java.awt.EventQueue.dispatchEventImpl(EventQueue.java:776)
	at java.desktop/java.awt.EventQueue$4.run(EventQueue.java:727)
	at java.desktop/java.awt.EventQueue$4.run(EventQueue.java:721)
	at java.base/java.security.AccessController.doPrivileged(Native Method)
	at java.base/java.security.ProtectionDomain$JavaSecurityAccessImpl.doIntersectionPrivilege(ProtectionDomain.java:85)
	at java.desktop/java.awt.EventQueue.dispatchEvent(EventQueue.java:746)
	at com.intellij.ide.IdeEventQueue.defaultDispatchEvent(IdeEventQueue.java:974)
	at com.intellij.ide.IdeEventQueue._dispatchEvent(IdeEventQueue.java:847)
	at com.intellij.ide.IdeEventQueue.lambda$null$8(IdeEventQueue.java:449)
	at com.intellij.openapi.progress.impl.CoreProgressManager.computePrioritized(CoreProgressManager.java:739)
	at com.intellij.ide.IdeEventQueue.lambda$dispatchEvent$9(IdeEventQueue.java:448)
	at com.intellij.openapi.application.impl.ApplicationImpl.runIntendedWriteActionOnCurrentThread(ApplicationImpl.java:831)
	at com.intellij.ide.IdeEventQueue.dispatchEvent(IdeEventQueue.java:496)
	at java.desktop/java.awt.EventDispatchThread.pumpOneEventForFilters(EventDispatchThread.java:203)
	at java.desktop/java.awt.EventDispatchThread.pumpEventsForFilter(EventDispatchThread.java:124)
	at java.desktop/java.awt.EventDispatchThread.pumpEventsForHierarchy(EventDispatchThread.java:113)
	at java.desktop/java.awt.EventDispatchThread.pumpEvents(EventDispatchThread.java:109)
	at java.desktop/java.awt.EventDispatchThread.pumpEvents(EventDispatchThread.java:101)
	at java.desktop/java.awt.EventDispatchThread.run(EventDispatchThread.java:90)
2021-11-24 14:46:56 INFO  ApacheHttpClient.getWebResourceAsStream(502) - responseCode = 200
2021-11-24 14:46:56 INFO  ApacheHttpClient.getTask(488) - responseCode = 200
2021-11-24 14:46:56 INFO  ApacheHttpClient.getWebResourceAsStream(502) - responseCode = 200
2021-11-24 14:46:59 INFO  ApacheHttpClient.completed(32) - responseCode = 500
2021-11-24 14:46:59 WARN  TaskCompleted.run(99) - Unknown error during task verification.
{"code":"UNKNOWN_ERROR","message":"Internal server error: null","recommendation":"Copy this screen and send it to support@javarush.ru","developerMessage":"","moreInfoUrl":null,"premiumRequired":null}
com.homework.plugin.analytics.PluginWarningException: warning
	at com.homework.plugin.callback.TaskCompleted.run(TaskCompleted.java:99)
	at com.intellij.openapi.application.TransactionGuardImpl$2.run(TransactionGuardImpl.java:201)
	at com.intellij.openapi.application.impl.ApplicationImpl.runIntendedWriteActionOnCurrentThread(ApplicationImpl.java:831)
	at com.intellij.openapi.application.impl.ApplicationImpl.lambda$invokeLater$4(ApplicationImpl.java:310)
	at com.intellij.openapi.application.impl.FlushQueue.doRun(FlushQueue.java:80)
	at com.intellij.openapi.application.impl.FlushQueue.runNextEvent(FlushQueue.java:128)
	at com.intellij.openapi.application.impl.FlushQueue.flushNow(FlushQueue.java:46)
	at com.intellij.openapi.application.impl.FlushQueue$FlushNow.run(FlushQueue.java:184)
	at java.desktop/java.awt.event.InvocationEvent.dispatch(InvocationEvent.java:313)
	at java.desktop/java.awt.EventQueue.dispatchEventImpl(EventQueue.java:776)
	at java.desktop/java.awt.EventQueue$4.run(EventQueue.java:727)
	at java.desktop/java.awt.EventQueue$4.run(EventQueue.java:721)
	at java.base/java.security.AccessController.doPrivileged(Native Method)
	at java.base/java.security.ProtectionDomain$JavaSecurityAccessImpl.doIntersectionPrivilege(ProtectionDomain.java:85)
	at java.desktop/java.awt.EventQueue.dispatchEvent(EventQueue.java:746)
	at com.intellij.ide.IdeEventQueue.defaultDispatchEvent(IdeEventQueue.java:974)
	at com.intellij.ide.IdeEventQueue._dispatchEvent(IdeEventQueue.java:847)
	at com.intellij.ide.IdeEventQueue.lambda$null$8(IdeEventQueue.java:449)
	at com.intellij.openapi.progress.impl.CoreProgressManager.computePrioritized(CoreProgressManager.java:739)
	at com.intellij.ide.IdeEventQueue.lambda$dispatchEvent$9(IdeEventQueue.java:448)
	at com.intellij.openapi.application.impl.ApplicationImpl.runIntendedWriteActionOnCurrentThread(ApplicationImpl.java:831)
	at com.intellij.ide.IdeEventQueue.dispatchEvent(IdeEventQueue.java:496)
	at java.desktop/java.awt.EventDispatchThread.pumpOneEventForFilters(EventDispatchThread.java:203)
	at java.desktop/java.awt.EventDispatchThread.pumpEventsForFilter(EventDispatchThread.java:124)
	at java.desktop/java.awt.EventDispatchThread.pumpEventsForHierarchy(EventDispatchThread.java:113)
	at java.desktop/java.awt.EventDispatchThread.pumpEvents(EventDispatchThread.java:109)
	at java.desktop/java.awt.EventDispatchThread.pumpEvents(EventDispatchThread.java:101)
	at java.desktop/java.awt.EventDispatchThread.run(EventDispatchThread.java:90)
2021-11-24 14:48:15 INFO  ApacheHttpClient.getWebResourceAsStream(502) - responseCode = 200
2021-11-24 14:48:16 INFO  ApacheHttpClient.getWebResourceAsStream(502) - responseCode = 200
2021-11-24 14:48:16 INFO  ApacheHttpClient.getTask(488) - responseCode = 200
2021-11-24 14:48:16 INFO  ApacheHttpClient.completed(32) - responseCode = 200
2021-11-24 14:48:42 INFO  ApacheHttpClient.getWebResourceAsStream(502) - responseCode = 200
2021-11-24 14:54:39 INFO  PluginTasksProjectComponent.projectClosing(196) - ---------- Project closed ----------

2021-11-24 14:54:39 INFO  ApacheHttpClient.getTask(488) - responseCode = 200
2021-11-25 11:23:31 INFO  PluginTasksProjectComponent.projectOpened(79) - ---------- Project opened ----------
2021-11-25 11:23:31 INFO  PluginTasksProjectComponent.projectOpened(80) - ---------- Version 3.53 ----------

2021-11-25 11:23:31 INFO  ApacheHttpClient.createAsyncHttpClient(146) - 1 proxies selected. Type: DIRECT
2021-11-25 11:23:31 INFO  ApacheHttpClient.<init>(97) - ApacheHttpClient was successfully instantiated.
2021-11-25 11:23:31 INFO  ApacheHttpClient.testConnection(205) - responseCode = 200
2021-11-25 11:23:31 INFO  ApacheHttpClient.testConnection(220) - result = true
2021-11-25 11:23:31 INFO  ApacheHttpClient.isSessionAppropriateWithSecretKey(602) - Waiting for server response.
2021-11-25 11:23:31 INFO  ApacheHttpClient.logout(633) - Waiting for server response.
2021-11-25 11:23:32 INFO  ApacheHttpClient.login(250) - Waiting for server response.
2021-11-25 11:23:32 INFO  ApacheHttpClient.login(254) - responseCode = 200
2021-11-25 11:23:32 INFO  ApacheHttpClient.login(277) - JSESSIONID OK
2021-11-25 11:23:32 INFO  ApacheHttpClient.refreshUserInfo(305) - responseCode = 200
2021-11-25 11:23:32 INFO  ApacheHttpClient.refreshUserInfo(311) - User information received.
2021-11-25 11:23:32 INFO  ApacheHttpClient.startGA(36) - GAService started.
2021-11-25 12:22:17 INFO  ApacheHttpClient.getWebResourceAsStream(502) - responseCode = 200
2021-11-25 12:22:17 INFO  ApacheHttpClient.getWebResourceAsStream(502) - responseCode = 200
2021-11-25 12:25:50 INFO  ApacheHttpClient.getWebResourceAsStream(502) - responseCode = 200
2021-11-25 12:25:50 INFO  ApacheHttpClient.logout(633) - Waiting for server response.
2021-11-25 12:25:50 INFO  ApacheHttpClient.login(250) - Waiting for server response.
2021-11-25 12:25:50 INFO  ApacheHttpClient.login(254) - responseCode = 200
2021-11-25 12:25:50 INFO  ApacheHttpClient.login(277) - JSESSIONID OK
2021-11-25 12:25:52 INFO  ApacheHttpClient.getFilteredTasks(336) - responseCode = 200
2021-11-25 12:26:05 INFO  ApacheHttpClient.getFilteredTasks(336) - responseCode = 200
2021-11-25 12:26:08 INFO  ApacheHttpClient.getFilteredTasks(336) - responseCode = 200
2021-11-25 12:26:24 INFO  ApacheHttpClient.getFilteredTasks(336) - responseCode = 200
2021-11-25 12:27:00 INFO  ApacheHttpClient.getTaskTemplateInfo(353) - responseCode = 200
2021-11-25 12:27:00 INFO  ApacheHttpClient.getWebResourceAsStream(502) - responseCode = 200
2021-11-25 12:30:22 INFO  ApacheHttpClient.getWebResourceAsStream(502) - responseCode = 200
2021-11-25 13:22:32 INFO  ApacheHttpClient.getWebResourceAsStream(502) - responseCode = 200
2021-11-25 13:22:32 INFO  ApacheHttpClient.getWebResourceAsStream(502) - responseCode = 200
2021-11-25 13:22:32 INFO  ApacheHttpClient.getTask(488) - responseCode = 200
2021-11-25 13:22:37 INFO  ApacheHttpClient.completed(32) - responseCode = 500
2021-11-25 13:22:37 WARN  TaskCompleted.run(99) - Unknown error during task verification.
{"code":"UNKNOWN_ERROR","message":"Internal server error: null","recommendation":"Copy this screen and send it to support@javarush.ru","developerMessage":"","moreInfoUrl":null,"premiumRequired":null}
com.homework.plugin.analytics.PluginWarningException: warning
	at com.homework.plugin.callback.TaskCompleted.run(TaskCompleted.java:99)
	at com.intellij.openapi.application.TransactionGuardImpl$2.run(TransactionGuardImpl.java:201)
	at com.intellij.openapi.application.impl.ApplicationImpl.runIntendedWriteActionOnCurrentThread(ApplicationImpl.java:831)
	at com.intellij.openapi.application.impl.ApplicationImpl.lambda$invokeLater$4(ApplicationImpl.java:310)
	at com.intellij.openapi.application.impl.FlushQueue.doRun(FlushQueue.java:80)
	at com.intellij.openapi.application.impl.FlushQueue.runNextEvent(FlushQueue.java:128)
	at com.intellij.openapi.application.impl.FlushQueue.flushNow(FlushQueue.java:46)
	at com.intellij.openapi.application.impl.FlushQueue$FlushNow.run(FlushQueue.java:184)
	at java.desktop/java.awt.event.InvocationEvent.dispatch(InvocationEvent.java:313)
	at java.desktop/java.awt.EventQueue.dispatchEventImpl(EventQueue.java:776)
	at java.desktop/java.awt.EventQueue$4.run(EventQueue.java:727)
	at java.desktop/java.awt.EventQueue$4.run(EventQueue.java:721)
	at java.base/java.security.AccessController.doPrivileged(Native Method)
	at java.base/java.security.ProtectionDomain$JavaSecurityAccessImpl.doIntersectionPrivilege(ProtectionDomain.java:85)
	at java.desktop/java.awt.EventQueue.dispatchEvent(EventQueue.java:746)
	at com.intellij.ide.IdeEventQueue.defaultDispatchEvent(IdeEventQueue.java:974)
	at com.intellij.ide.IdeEventQueue._dispatchEvent(IdeEventQueue.java:847)
	at com.intellij.ide.IdeEventQueue.lambda$null$8(IdeEventQueue.java:449)
	at com.intellij.openapi.progress.impl.CoreProgressManager.computePrioritized(CoreProgressManager.java:739)
	at com.intellij.ide.IdeEventQueue.lambda$dispatchEvent$9(IdeEventQueue.java:448)
	at com.intellij.openapi.application.impl.ApplicationImpl.runIntendedWriteActionOnCurrentThread(ApplicationImpl.java:831)
	at com.intellij.ide.IdeEventQueue.dispatchEvent(IdeEventQueue.java:496)
	at java.desktop/java.awt.EventDispatchThread.pumpOneEventForFilters(EventDispatchThread.java:203)
	at java.desktop/java.awt.EventDispatchThread.pumpEventsForFilter(EventDispatchThread.java:124)
	at java.desktop/java.awt.EventDispatchThread.pumpEventsForHierarchy(EventDispatchThread.java:113)
	at java.desktop/java.awt.EventDispatchThread.pumpEvents(EventDispatchThread.java:109)
	at java.desktop/java.awt.EventDispatchThread.pumpEvents(EventDispatchThread.java:101)
	at java.desktop/java.awt.EventDispatchThread.run(EventDispatchThread.java:90)
2021-11-25 13:25:56 INFO  ApacheHttpClient.getWebResourceAsStream(502) - responseCode = 200
2021-11-25 13:25:56 INFO  ApacheHttpClient.getWebResourceAsStream(502) - responseCode = 200
2021-11-25 13:25:56 INFO  ApacheHttpClient.getTask(488) - responseCode = 200
2021-11-25 13:25:59 INFO  ApacheHttpClient.completed(32) - responseCode = 200
2021-11-25 13:25:59 INFO  ApacheHttpClient.getTask(488) - responseCode = 200
2021-11-25 15:37:53 INFO  ApacheHttpClient.getWebResourceAsStream(502) - responseCode = 200
2021-11-25 15:46:46 INFO  ApacheHttpClient.getWebResourceAsStream(502) - responseCode = 200
2021-11-25 15:46:46 INFO  ApacheHttpClient.getWebResourceAsStream(502) - responseCode = 200
2021-11-25 15:46:46 INFO  ApacheHttpClient.getTask(488) - responseCode = 200
2021-11-25 15:46:49 INFO  ApacheHttpClient.completed(32) - responseCode = 200
2021-11-25 15:46:49 INFO  ApacheHttpClient.getTask(488) - responseCode = 200
2021-11-25 15:56:43 INFO  ApacheHttpClient.getWebResourceAsStream(502) - responseCode = 200
2021-11-25 15:56:43 INFO  ApacheHttpClient.getFilteredTasks(336) - responseCode = 200
2021-11-25 15:56:47 INFO  ApacheHttpClient.getTaskTemplateInfo(353) - responseCode = 200
2021-11-25 15:56:47 INFO  ApacheHttpClient.getWebResourceAsStream(502) - responseCode = 200
2021-11-25 18:27:38 INFO  PluginTasksProjectComponent.projectClosing(196) - ---------- Project closed ----------

2021-11-25 18:27:38 INFO  ApacheHttpClient.getTask(488) - responseCode = 200
2021-11-25 18:27:39 INFO  ApacheHttpClient.getTask(488) - responseCode = 200
2021-11-25 18:27:39 INFO  ApacheHttpClient.getTask(488) - responseCode = 200
2021-11-25 18:27:39 INFO  ApacheHttpClient.getTask(488) - responseCode = 200
2021-11-25 19:52:22 INFO  PluginTasksProjectComponent.projectOpened(79) - ---------- Project opened ----------
2021-11-25 19:52:22 INFO  PluginTasksProjectComponent.projectOpened(80) - ---------- Version 3.53 ----------

2021-11-25 19:52:22 INFO  PluginTasksProjectComponent.setAutoscrolls(374) - Autoscrolls successfully set
2021-11-25 19:52:23 INFO  ApacheHttpClient.createAsyncHttpClient(146) - 1 proxies selected. Type: DIRECT
2021-11-25 19:52:23 INFO  ApacheHttpClient.<init>(97) - ApacheHttpClient was successfully instantiated.
2021-11-25 19:52:23 INFO  ApacheHttpClient.testConnection(205) - responseCode = 200
2021-11-25 19:52:23 INFO  ApacheHttpClient.testConnection(220) - result = true
2021-11-25 19:52:23 INFO  ApacheHttpClient.isSessionAppropriateWithSecretKey(602) - Waiting for server response.
2021-11-25 19:52:24 INFO  ApacheHttpClient.refreshUserInfo(305) - responseCode = 200
2021-11-25 19:52:24 INFO  ApacheHttpClient.refreshUserInfo(311) - User information received.
2021-11-25 19:52:24 INFO  ApacheHttpClient.startGA(36) - GAService started.
2021-11-25 19:52:30 INFO  ApacheHttpClient.getWebResourceAsStream(502) - responseCode = 200
2021-11-25 20:08:37 INFO  ApacheHttpClient.getWebResourceAsStream(502) - responseCode = 200
2021-11-25 20:08:37 INFO  ApacheHttpClient.getWebResourceAsStream(502) - responseCode = 200
2021-11-25 20:08:37 INFO  ApacheHttpClient.getTask(488) - responseCode = 200
2021-11-25 20:08:39 INFO  ApacheHttpClient.completed(32) - responseCode = 200
2021-11-25 20:08:39 INFO  ApacheHttpClient.getTask(488) - responseCode = 200
2021-11-25 20:09:02 INFO  PluginTasksProjectComponent.projectClosing(196) - ---------- Project closed ----------

2021-11-25 20:09:03 INFO  ApacheHttpClient.getTask(488) - responseCode = 200
2021-11-26 18:29:36 INFO  PluginTasksProjectComponent.projectOpened(79) - ---------- Project opened ----------
2021-11-26 18:29:36 INFO  PluginTasksProjectComponent.projectOpened(80) - ---------- Version 3.53 ----------

2021-11-26 18:29:36 INFO  ApacheHttpClient.createAsyncHttpClient(146) - 1 proxies selected. Type: DIRECT
2021-11-26 18:29:36 INFO  ApacheHttpClient.<init>(97) - ApacheHttpClient was successfully instantiated.
2021-11-26 18:29:37 INFO  ApacheHttpClient.testConnection(205) - responseCode = 200
2021-11-26 18:29:37 INFO  ApacheHttpClient.testConnection(220) - result = true
2021-11-26 18:29:37 INFO  ApacheHttpClient.isSessionAppropriateWithSecretKey(602) - Waiting for server response.
2021-11-26 18:29:37 INFO  ApacheHttpClient.refreshUserInfo(305) - responseCode = 200
2021-11-26 18:29:37 INFO  ApacheHttpClient.refreshUserInfo(311) - User information received.
2021-11-26 18:29:37 INFO  ApacheHttpClient.startGA(36) - GAService started.
